<?xml version="1.0" encoding="UTF-8"?>
<!-- Generated by org.testng.reporters.JUnitReportReporter -->
<testsuite hostname="DESKTOP-IKJPTJ9" failures="0" tests="1" name="testrunner.Runner" time="0.080" errors="0" timestamp="2023-06-29T23:01:27 IST" skipped="0">
  <testcase classname="testrunner.Runner" name="runScenario" time="0.080"/>
  <system-out/>
</testsuite> <!-- testrunner.Runner -->
